# JRE version: OpenJDK Runtime Environment (11.0.16+8) (build 11.0.16+8-post-Ubuntu-0ubuntu120.04)
# Java VM: OpenJDK 64-Bit Server VM (11.0.16+8-post-Ubuntu-0ubuntu120.04, mixed mode, sharing, tiered, compressed oops, g1 gc, linux-amd64)
Heap:
 garbage-first heap   total 256000K, used 150361K [0x0000000080000000, 0x0000000100000000)
  region size 1024K, 134 young (137216K), 10 survivors (10240K)
 Metaspace       used 33112K, capacity 34194K, committed 34432K, reserved 546816K
  class space    used 4526K, capacity 4965K, committed 4992K, reserved 516096K
GC Heap History (6 events):
Event: 0.297 GC heap before
{Heap before GC invocations=0 (full 0):
 garbage-first heap   total 256000K, used 30412K [0x0000000080000000, 0x0000000100000000)
  region size 1024K, 24 young (24576K), 0 survivors (0K)
 Metaspace       used 3281K, capacity 6158K, committed 6400K, reserved 524288K
  class space    used 432K, capacity 715K, committed 768K, reserved 516096K
}
Event: 0.308 GC heap after
{Heap after GC invocations=1 (full 0):
 garbage-first heap   total 256000K, used 10100K [0x0000000080000000, 0x0000000100000000)
  region size 1024K, 3 young (3072K), 3 survivors (3072K)
 Metaspace       used 3281K, capacity 6158K, committed 6400K, reserved 524288K
  class space    used 432K, capacity 715K, committed 768K, reserved 516096K
}
Event: 1.439 GC heap before
{Heap before GC invocations=1 (full 0):
 garbage-first heap   total 256000K, used 159604K [0x0000000080000000, 0x0000000100000000)
  region size 1024K, 148 young (151552K), 3 survivors (3072K)
 Metaspace       used 19245K, capacity 19878K, committed 20224K, reserved 534528K
  class space    used 2805K, capacity 3026K, committed 3072K, reserved 516096K
}
Event: 1.451 GC heap after
{Heap after GC invocations=2 (full 0):
 garbage-first heap   total 256000K, used 19627K [0x0000000080000000, 0x0000000100000000)
  region size 1024K, 13 young (13312K), 13 survivors (13312K)
 Metaspace       used 19245K, capacity 19878K, committed 20224K, reserved 534528K
  class space    used 2805K, capacity 3026K, committed 3072K, reserved 516096K
}
Event: 1.575 GC heap before
{Heap before GC invocations=2 (full 0):
 garbage-first heap   total 256000K, used 33963K [0x0000000080000000, 0x0000000100000000)
  region size 1024K, 28 young (28672K), 13 survivors (13312K)
 Metaspace       used 20520K, capacity 21130K, committed 21248K, reserved 534528K
  class space    used 3011K, capacity 3274K, committed 3328K, reserved 516096K
}
Event: 1.606 GC heap after
{Heap after GC invocations=3 (full 0):
 garbage-first heap   total 256000K, used 20313K [0x0000000080000000, 0x0000000100000000)
  region size 1024K, 2 young (2048K), 2 survivors (2048K)
 Metaspace       used 20520K, capacity 21130K, committed 21248K, reserved 534528K
  class space    used 3011K, capacity 3274K, committed 3328K, reserved 516096K
}

