# JRE version: OpenJDK Runtime Environment (11.0.16+8) (build 11.0.16+8-post-Ubuntu-0ubuntu120.04)
# Java VM: OpenJDK 64-Bit Server VM (11.0.16+8-post-Ubuntu-0ubuntu120.04, mixed mode, sharing, tiered, compressed oops, g1 gc, linux-amd64)
Heap:
 garbage-first heap   total 256000K, used 94308K [0x0000000080000000, 0x0000000100000000)
  region size 1024K, 85 young (87040K), 11 survivors (11264K)
 Metaspace       used 29920K, capacity 30886K, committed 31232K, reserved 542720K
  class space    used 4174K, capacity 4545K, committed 4608K, reserved 516096K
GC Heap History (6 events):
Event: 0.339 GC heap before
{Heap before GC invocations=0 (full 0):
 garbage-first heap   total 256000K, used 30412K [0x0000000080000000, 0x0000000100000000)
  region size 1024K, 24 young (24576K), 0 survivors (0K)
 Metaspace       used 3264K, capacity 6158K, committed 6400K, reserved 524288K
  class space    used 431K, capacity 715K, committed 768K, reserved 516096K
}
Event: 0.349 GC heap after
{Heap after GC invocations=1 (full 0):
 garbage-first heap   total 256000K, used 9476K [0x0000000080000000, 0x0000000100000000)
  region size 1024K, 3 young (3072K), 3 survivors (3072K)
 Metaspace       used 3264K, capacity 6158K, committed 6400K, reserved 524288K
  class space    used 431K, capacity 715K, committed 768K, reserved 516096K
}
Event: 1.745 GC heap before
{Heap before GC invocations=1 (full 0):
 garbage-first heap   total 256000K, used 158980K [0x0000000080000000, 0x0000000100000000)
  region size 1024K, 148 young (151552K), 3 survivors (3072K)
 Metaspace       used 19308K, capacity 19879K, committed 20224K, reserved 534528K
  class space    used 2805K, capacity 3026K, committed 3072K, reserved 516096K
}
Event: 1.768 GC heap after
{Heap after GC invocations=2 (full 0):
 garbage-first heap   total 256000K, used 19224K [0x0000000080000000, 0x0000000100000000)
  region size 1024K, 13 young (13312K), 13 survivors (13312K)
 Metaspace       used 19308K, capacity 19879K, committed 20224K, reserved 534528K
  class space    used 2805K, capacity 3026K, committed 3072K, reserved 516096K
}
Event: 1.911 GC heap before
{Heap before GC invocations=2 (full 0):
 garbage-first heap   total 256000K, used 32536K [0x0000000080000000, 0x0000000100000000)
  region size 1024K, 27 young (27648K), 13 survivors (13312K)
 Metaspace       used 20434K, capacity 21035K, committed 21248K, reserved 534528K
  class space    used 2997K, capacity 3242K, committed 3328K, reserved 516096K
}
Event: 1.920 GC heap after
{Heap after GC invocations=3 (full 0):
 garbage-first heap   total 256000K, used 20580K [0x0000000080000000, 0x0000000100000000)
  region size 1024K, 11 young (11264K), 11 survivors (11264K)
 Metaspace       used 20434K, capacity 21035K, committed 21248K, reserved 534528K
  class space    used 2997K, capacity 3242K, committed 3328K, reserved 516096K
}

