# JRE version: OpenJDK Runtime Environment (11.0.16+8) (build 11.0.16+8-post-Ubuntu-0ubuntu120.04)
# Java VM: OpenJDK 64-Bit Server VM (11.0.16+8-post-Ubuntu-0ubuntu120.04, mixed mode, sharing, tiered, compressed oops, g1 gc, linux-amd64)
Heap:
 garbage-first heap   total 307200K, used 194857K [0x0000000080000000, 0x0000000100000000)
  region size 1024K, 89 young (91136K), 10 survivors (10240K)
 Metaspace       used 104615K, capacity 108167K, committed 108332K, reserved 610304K
  class space    used 14039K, capacity 15418K, committed 15436K, reserved 516096K
GC Heap History (20 events):
Event: 1.624 GC heap before
{Heap before GC invocations=2 (full 0):
 garbage-first heap   total 256000K, used 33863K [0x0000000080000000, 0x0000000100000000)
  region size 1024K, 28 young (28672K), 13 survivors (13312K)
 Metaspace       used 20541K, capacity 21130K, committed 21248K, reserved 534528K
  class space    used 3012K, capacity 3274K, committed 3328K, reserved 516096K
}
Event: 1.635 GC heap after
{Heap after GC invocations=3 (full 0):
 garbage-first heap   total 256000K, used 20550K [0x0000000080000000, 0x0000000100000000)
  region size 1024K, 11 young (11264K), 11 survivors (11264K)
 Metaspace       used 20541K, capacity 21130K, committed 21248K, reserved 534528K
  class space    used 3012K, capacity 3274K, committed 3328K, reserved 516096K
}
Event: 2.199 GC heap before
{Heap before GC invocations=4 (full 0):
 garbage-first heap   total 256000K, used 81990K [0x0000000080000000, 0x0000000100000000)
  region size 1024K, 72 young (73728K), 11 survivors (11264K)
 Metaspace       used 28755K, capacity 29610K, committed 29824K, reserved 542720K
  class space    used 4015K, capacity 4355K, committed 4480K, reserved 516096K
}
Event: 2.210 GC heap after
{Heap after GC invocations=5 (full 0):
 garbage-first heap   total 256000K, used 25528K [0x0000000080000000, 0x0000000100000000)
  region size 1024K, 7 young (7168K), 7 survivors (7168K)
 Metaspace       used 28755K, capacity 29610K, committed 29824K, reserved 542720K
  class space    used 4015K, capacity 4355K, committed 4480K, reserved 516096K
}
Event: 4.152 GC heap before
{Heap before GC invocations=5 (full 0):
 garbage-first heap   total 256000K, used 106424K [0x0000000080000000, 0x0000000100000000)
  region size 1024K, 84 young (86016K), 7 survivors (7168K)
 Metaspace       used 34618K, capacity 35790K, committed 35840K, reserved 546816K
  class space    used 4653K, capacity 5118K, committed 5120K, reserved 516096K
}
Event: 4.174 GC heap after
{Heap after GC invocations=6 (full 0):
 garbage-first heap   total 307200K, used 30033K [0x0000000080000000, 0x0000000100000000)
  region size 1024K, 10 young (10240K), 10 survivors (10240K)
 Metaspace       used 34618K, capacity 35790K, committed 35840K, reserved 546816K
  class space    used 4653K, capacity 5118K, committed 5120K, reserved 516096K
}
Event: 5.711 GC heap before
{Heap before GC invocations=7 (full 0):
 garbage-first heap   total 307200K, used 181585K [0x0000000080000000, 0x0000000100000000)
  region size 1024K, 154 young (157696K), 10 survivors (10240K)
 Metaspace       used 48595K, capacity 50084K, committed 50252K, reserved 559104K
  class space    used 6577K, capacity 7189K, committed 7244K, reserved 516096K
}
Event: 5.728 GC heap after
{Heap after GC invocations=8 (full 0):
 garbage-first heap   total 307200K, used 42087K [0x0000000080000000, 0x0000000100000000)
  region size 1024K, 19 young (19456K), 19 survivors (19456K)
 Metaspace       used 48595K, capacity 50084K, committed 50252K, reserved 559104K
  class space    used 6577K, capacity 7189K, committed 7244K, reserved 516096K
}
Event: 6.683 GC heap before
{Heap before GC invocations=8 (full 0):
 garbage-first heap   total 307200K, used 149607K [0x0000000080000000, 0x0000000100000000)
  region size 1024K, 125 young (128000K), 19 survivors (19456K)
 Metaspace       used 58234K, capacity 59923K, committed 60236K, reserved 569344K
  class space    used 7943K, capacity 8662K, committed 8780K, reserved 516096K
}
Event: 6.698 GC heap after
{Heap after GC invocations=9 (full 0):
 garbage-first heap   total 307200K, used 45976K [0x0000000080000000, 0x0000000100000000)
  region size 1024K, 13 young (13312K), 13 survivors (13312K)
 Metaspace       used 58234K, capacity 59923K, committed 60236K, reserved 569344K
  class space    used 7943K, capacity 8662K, committed 8780K, reserved 516096K
}
Event: 8.418 GC heap before
{Heap before GC invocations=10 (full 0):
 garbage-first heap   total 307200K, used 199576K [0x0000000080000000, 0x0000000100000000)
  region size 1024K, 164 young (167936K), 13 survivors (13312K)
 Metaspace       used 68318K, capacity 70507K, committed 70604K, reserved 577536K
  class space    used 9279K, capacity 10152K, committed 10188K, reserved 516096K
}
Event: 8.437 GC heap after
{Heap after GC invocations=11 (full 0):
 garbage-first heap   total 307200K, used 55401K [0x0000000080000000, 0x0000000100000000)
  region size 1024K, 13 young (13312K), 13 survivors (13312K)
 Metaspace       used 68318K, capacity 70507K, committed 70604K, reserved 577536K
  class space    used 9279K, capacity 10152K, committed 10188K, reserved 516096K
}
Event: 10.076 GC heap before
{Heap before GC invocations=11 (full 0):
 garbage-first heap   total 307200K, used 216169K [0x0000000080000000, 0x0000000100000000)
  region size 1024K, 166 young (169984K), 13 survivors (13312K)
 Metaspace       used 80867K, capacity 83321K, committed 83788K, reserved 589824K
  class space    used 10774K, capacity 11768K, committed 11852K, reserved 516096K
}
Event: 10.104 GC heap after
{Heap after GC invocations=12 (full 0):
 garbage-first heap   total 307200K, used 72576K [0x0000000080000000, 0x0000000100000000)
  region size 1024K, 21 young (21504K), 21 survivors (21504K)
 Metaspace       used 80867K, capacity 83321K, committed 83788K, reserved 589824K
  class space    used 10774K, capacity 11768K, committed 11852K, reserved 516096K
}
Event: 12.789 GC heap before
{Heap before GC invocations=12 (full 0):
 garbage-first heap   total 307200K, used 222080K [0x0000000080000000, 0x0000000100000000)
  region size 1024K, 167 young (171008K), 21 survivors (21504K)
 Metaspace       used 88272K, capacity 90899K, committed 91212K, reserved 595968K
  class space    used 11949K, capacity 13017K, committed 13132K, reserved 516096K
}
Event: 12.818 GC heap after
{Heap after GC invocations=13 (full 0):
 garbage-first heap   total 307200K, used 86058K [0x0000000080000000, 0x0000000100000000)
  region size 1024K, 13 young (13312K), 13 survivors (13312K)
 Metaspace       used 88272K, capacity 90899K, committed 91212K, reserved 595968K
  class space    used 11949K, capacity 13017K, committed 13132K, reserved 516096K
}
Event: 14.064 GC heap before
{Heap before GC invocations=13 (full 0):
 garbage-first heap   total 307200K, used 232490K [0x0000000080000000, 0x0000000100000000)
  region size 1024K, 152 young (155648K), 13 survivors (13312K)
 Metaspace       used 94359K, capacity 97477K, committed 97740K, reserved 600064K
  class space    used 12736K, capacity 13965K, committed 14028K, reserved 516096K
}
Event: 14.082 GC heap after
{Heap after GC invocations=14 (full 0):
 garbage-first heap   total 307200K, used 104503K [0x0000000080000000, 0x0000000100000000)
  region size 1024K, 14 young (14336K), 14 survivors (14336K)
 Metaspace       used 94359K, capacity 97477K, committed 97740K, reserved 600064K
  class space    used 12736K, capacity 13965K, committed 14028K, reserved 516096K
}
Event: 14.777 GC heap before
{Heap before GC invocations=14 (full 0):
 garbage-first heap   total 307200K, used 182327K [0x0000000080000000, 0x0000000100000000)
  region size 1024K, 91 young (93184K), 14 survivors (14336K)
 Metaspace       used 97557K, capacity 100904K, committed 101036K, reserved 604160K
  class space    used 13138K, capacity 14489K, committed 14540K, reserved 516096K
}
Event: 14.794 GC heap after
{Heap after GC invocations=15 (full 0):
 garbage-first heap   total 307200K, used 114985K [0x0000000080000000, 0x0000000100000000)
  region size 1024K, 10 young (10240K), 10 survivors (10240K)
 Metaspace       used 97557K, capacity 100904K, committed 101036K, reserved 604160K
  class space    used 13138K, capacity 14489K, committed 14540K, reserved 516096K
}

